<?xml version="1.0" encoding="UTF-8"?>
<!-- Generated by org.testng.reporters.JUnitReportReporter -->
<testsuite hostname="Yamini-2212" failures="0" tests="4" name="TestCase.TestCase" time="10.530" errors="0" timestamp="14 Sep 2022 16:04:57 GMT" skipped="0">
  <testcase classname="TestCase.TestCase" name="searchHotel" time="1.415"/>
  <testcase classname="TestCase.TestCase" name="selectHotel" time="1.019"/>
  <testcase classname="TestCase.TestCase" name="bookAHotel" time="1.050"/>
  <testcase classname="TestCase.TestCase" name="printOrderNo" time="7.046"/>
</testsuite> <!-- TestCase.TestCase -->
